<?xml version="1.0" encoding="UTF-8"?>
<!-- Generated by org.testng.reporters.JUnitXMLReporter -->
<testsuite ignored="1" hostname="LAPTOP-NOLCUMJT" failures="0" tests="1" name="Default test" time="0.098" errors="0" timestamp="2020-07-01T17:02:21 EDT">
  <testcase classname="qaclickacademy.AppiumTest" name="IOSAPP" time="0.024"/>
  <testcase classname="qaclickacademy.AppiumTest" name="NativeAppAndriod" time="0.0">
    <ignored/>
  </testcase> <!-- NativeAppAndriod -->
</testsuite> <!-- Default test -->
