<?xml version="1.0" encoding="UTF-8"?>
<testng-results ignored="1" total="2" passed="1" failed="0" skipped="0">
  <reporter-output>
  </reporter-output>
  <suite started-at="2020-07-01T17:02:21 EDT" name="Default suite" finished-at="2020-07-01T17:02:21 EDT" duration-ms="98">
    <groups>
    </groups>
    <test started-at="2020-07-01T17:02:21 EDT" name="Default test" finished-at="2020-07-01T17:02:21 EDT" duration-ms="98">
      <class name="qaclickacademy.AppiumTest">
        <test-method signature="IOSAPP()[pri:0, instance:qaclickacademy.AppiumTest@6ff29830]" started-at="2020-07-01T17:02:21 EDT" name="IOSAPP" finished-at="2020-07-01T17:02:21 EDT" duration-ms="24" status="PASS">
          <reporter-output>
          </reporter-output>
        </test-method> <!-- IOSAPP -->
      </class> <!-- qaclickacademy.AppiumTest -->
    </test> <!-- Default test -->
  </suite> <!-- Default suite -->
</testng-results>
